<?xml version="1.0" encoding="UTF-8"?>
<!-- Generated by org.testng.reporters.JUnitReportReporter -->
<testsuite hostname="Sf-PC" name="testngExample.TC02" tests="1" failures="0" timestamp="10 Dec 2019 05:10:13 GMT" time="5.444" errors="0">
  <testcase name="f" time="5.444" classname="testngExample.TC02"/>
</testsuite> <!-- testngExample.TC02 -->
