<?xml version="1.0" encoding="UTF-8"?>
<!-- Generated by org.testng.reporters.JUnitReportReporter -->
<testsuite hostname="Sf-PC" name="testngExample.TC02" tests="1" failures="0" timestamp="11 Dec 2019 05:07:16 GMT" time="6.797" errors="0">
  <testcase name="f" time="6.797" classname="testngExample.TC02"/>
</testsuite> <!-- testngExample.TC02 -->
