<?xml version="1.0" encoding="UTF-8"?>
<!-- Generated by org.testng.reporters.JUnitReportReporter -->
<testsuite hostname="Sf-PC" name="testngExample.TC01" tests="1" failures="0" timestamp="13 Dec 2019 05:04:12 GMT" time="0.636" errors="0">
  <testcase name="ts01" time="0.636" classname="testngExample.TC01"/>
</testsuite> <!-- testngExample.TC01 -->
