<?xml version="1.0" encoding="UTF-8"?>
<!-- Generated by org.testng.reporters.JUnitReportReporter -->
<testsuite hostname="Sf-PC" name="testngExample.TC02" tests="1" failures="0" timestamp="13 Dec 2019 05:04:12 GMT" time="2.925" errors="0">
  <testcase name="f" time="2.925" classname="testngExample.TC02"/>
</testsuite> <!-- testngExample.TC02 -->
